[debug] [2021-01-23T08:31:30.053Z] ----------------------------------------------------------------------
[debug] [2021-01-23T08:31:30.054Z] Command:       /usr/local/bin/firebase /Users/mohexc/.cache/firebase/tools/lib/node_modules/firebase-tools/lib/bin/firebase deploy
[debug] [2021-01-23T08:31:30.054Z] CLI Version:   8.12.1
[debug] [2021-01-23T08:31:30.055Z] Platform:      darwin
[debug] [2021-01-23T08:31:30.055Z] Node Version:  v12.18.1
[debug] [2021-01-23T08:31:30.060Z] Time:          Sat Jan 23 2021 15:31:30 GMT+0700 (Indochina Time)
[debug] [2021-01-23T08:31:30.060Z] ----------------------------------------------------------------------
[debug] [2021-01-23T08:31:30.060Z] 
[debug] [2021-01-23T08:31:30.068Z] > command requires scopes: ["email","openid","https://www.googleapis.com/auth/cloudplatformprojects.readonly","https://www.googleapis.com/auth/firebase","https://www.googleapis.com/auth/cloud-platform"]
[debug] [2021-01-23T08:31:30.068Z] > authorizing via signed-in user
[debug] [2021-01-23T08:31:30.068Z] [iam] checking project who-am-i-8cf29 for permissions ["firebase.projects.get","firebasehosting.sites.update"]
[debug] [2021-01-23T08:31:30.071Z] > refreshing access token with scopes: ["email","https://www.googleapis.com/auth/cloud-platform","https://www.googleapis.com/auth/cloudplatformprojects.readonly","https://www.googleapis.com/auth/firebase","openid"]
[debug] [2021-01-23T08:31:30.071Z] >>> HTTP REQUEST POST https://www.googleapis.com/oauth2/v3/token  
 <request body omitted>
[debug] [2021-01-23T08:31:30.088Z] [iam] error while checking permissions, command may fail: FirebaseError: Authentication Error: Your credentials are no longer valid. Please run firebase login --reauth

For CI servers and headless environments, generate a new token with firebase login:ci
[debug] [2021-01-23T08:31:30.089Z] > refreshing access token with scopes: ["email","https://www.googleapis.com/auth/cloud-platform","https://www.googleapis.com/auth/cloudplatformprojects.readonly","https://www.googleapis.com/auth/firebase","openid"]
[debug] [2021-01-23T08:31:30.089Z] >>> HTTP REQUEST POST https://www.googleapis.com/oauth2/v3/token  
 <request body omitted>
[debug] [2021-01-23T08:31:30.092Z] Authentication Error: Your credentials are no longer valid. Please run firebase login --reauth

For CI servers and headless environments, generate a new token with firebase login:ci
[debug] [2021-01-23T08:31:30.096Z] FirebaseError: Authentication Error: Your credentials are no longer valid. Please run firebase login --reauth

For CI servers and headless environments, generate a new token with firebase login:ci
    at Object.<anonymous> (/Users/mohexc/.cache/firebase/tools/lib/node_modules/firebase-tools/lib/auth.js:23:32)
    at Module._compile (internal/modules/cjs/loader.js:1136:30)
    at Module._compile (pkg/prelude/bootstrap.js:1281:32)
    at Object.Module._extensions..js (internal/modules/cjs/loader.js:1156:10)
    at Module.load (internal/modules/cjs/loader.js:984:32)
    at Function.Module._load (internal/modules/cjs/loader.js:877:14)
    at Module.require (internal/modules/cjs/loader.js:1024:19)
    at Module.require (pkg/prelude/bootstrap.js:1225:31)
    at require (internal/modules/cjs/helpers.js:72:18)
    at Object.<anonymous> (/Users/mohexc/.cache/firebase/tools/lib/node_modules/firebase-tools/lib/init/features/hosting/github.js:20:16)
    at Module._compile (internal/modules/cjs/loader.js:1136:30)
    at Module._compile (pkg/prelude/bootstrap.js:1281:32)
    at Object.Module._extensions..js (internal/modules/cjs/loader.js:1156:10)
    at Module.load (internal/modules/cjs/loader.js:984:32)
    at Function.Module._load (internal/modules/cjs/loader.js:877:14)
    at Module.require (internal/modules/cjs/loader.js:1024:19)
[error] 
[error] Error: Failed to get Firebase project who-am-i-8cf29. Please make sure the project exists and your account has permission to access it.
